#
# There is insufficient memory for the Java Runtime Environment to continue.
# Native memory allocation (malloc) failed to allocate 32744 bytes for ChunkPool::allocate
# Possible reasons:
#   The system is out of physical RAM or swap space
#   In 32 bit mode, the process size limit was hit
# Possible solutions:
#   Reduce memory load on the system
#   Increase physical memory or swap space
#   Check if swap backing store is full
#   Use 64 bit Java on a 64 bit OS
#   Decrease Java heap size (-Xmx/-Xms)
#   Decrease number of Java threads
#   Decrease Java thread stack sizes (-Xss)
#   Set larger code cache with -XX:ReservedCodeCacheSize=
# This output file may be truncated or incomplete.
#
#  Out of Memory Error (allocation.cpp:273), pid=7440, tid=0x0000000000001a18
#
# JRE version: Java(TM) SE Runtime Environment (8.0_111-b14) (build 1.8.0_111-b14)
# Java VM: Java HotSpot(TM) 64-Bit Server VM (25.111-b14 mixed mode windows-amd64 compressed oops)
# Failed to write core dump. Minidumps are not enabled by default on client versions of Windows
#

---------------  T H R E A D  ---------------

Current thread (0x0000000014bf4000):  JavaThread "C1 CompilerThread2" daemon [_thread_in_native, id=6680, stack(0x0000000016460000,0x0000000016560000)]

Stack: [0x0000000016460000,0x0000000016560000]
[error occurred during error reporting (printing stack bounds), id 0xc0000005]

Native frames: (J=compiled Java code, j=interpreted, Vv=VM code, C=native code)


Current CompileTask:
C1:   3314  582       3       javax.swing.plaf.nimbus.NimbusStyle::validate (1178 bytes)


---------------  P R O C E S S  ---------------

Java Threads: ( => current thread )
  0x0000000016e2b000 JavaThread "TimerQueue" daemon [_thread_blocked, id=5328, stack(0x0000000019820000,0x0000000019920000)]
  0x0000000016d43000 JavaThread "Image Fetcher 0" daemon [_thread_blocked, id=3160, stack(0x00000000183e0000,0x00000000184e0000)]
  0x0000000002521000 JavaThread "DestroyJavaVM" [_thread_blocked, id=10776, stack(0x0000000002420000,0x0000000002520000)]
  0x000000001694b000 JavaThread "AWT-EventQueue-0" [_thread_in_native, id=5000, stack(0x00000000180e0000,0x00000000181e0000)]
  0x0000000016926000 JavaThread "AWT-Windows" daemon [_thread_in_native, id=6868, stack(0x00000000176a0000,0x00000000177a0000)]
  0x0000000016925000 JavaThread "AWT-Shutdown" [_thread_blocked, id=7720, stack(0x00000000175a0000,0x00000000176a0000)]
  0x0000000016ce3800 JavaThread "Java2D Disposer" daemon [_thread_blocked, id=10188, stack(0x00000000174a0000,0x00000000175a0000)]
  0x0000000016598800 JavaThread "Service Thread" daemon [_thread_blocked, id=2808, stack(0x0000000016960000,0x0000000016a60000)]
=>0x0000000014bf4000 JavaThread "C1 CompilerThread2" daemon [_thread_in_native, id=6680, stack(0x0000000016460000,0x0000000016560000)]
  0x0000000014bdf800 JavaThread "C2 CompilerThread1" daemon [_thread_blocked, id=8280, stack(0x0000000016360000,0x0000000016460000)]
  0x0000000014bdb800 JavaThread "C2 CompilerThread0" daemon [_thread_blocked, id=6812, stack(0x0000000016260000,0x0000000016360000)]
  0x0000000014bda000 JavaThread "Attach Listener" daemon [_thread_blocked, id=8328, stack(0x0000000016160000,0x0000000016260000)]
  0x0000000014bd8800 JavaThread "Signal Dispatcher" daemon [_thread_blocked, id=5464, stack(0x0000000016060000,0x0000000016160000)]
  0x0000000014bc9800 JavaThread "Finalizer" daemon [_thread_blocked, id=10896, stack(0x0000000015e60000,0x0000000015f60000)]
  0x0000000002610000 JavaThread "Reference Handler" daemon [_thread_blocked, id=5880, stack(0x0000000015d60000,0x0000000015e60000)]

Other Threads:
  0x0000000014ba7800 VMThread [stack: 0x0000000015c60000,0x0000000015d60000] [id=7196]
  0x0000000014c3c000 WatcherThread [stack: 0x0000000016a60000,0x0000000016b60000] [id=2492]

VM state:not at safepoint (normal execution)

VM Mutex/Monitor currently owned by a thread: None

Heap:
 PSYoungGen      total 18944K, used 15789K [0x00000000eb500000, 0x00000000eca00000, 0x0000000100000000)
  eden space 16384K, 84% used [0x00000000eb500000,0x00000000ec27b7b8,0x00000000ec500000)
  from space 2560K, 77% used [0x00000000ec500000,0x00000000ec6f0020,0x00000000ec780000)
  to   space 2560K, 0% used [0x00000000ec780000,0x00000000ec780000,0x00000000eca00000)
 ParOldGen       total 44032K, used 14408K [0x00000000c1e00000, 0x00000000c4900000, 0x00000000eb500000)
  object space 44032K, 32% used [0x00000000c1e00000,0x00000000c2c12010,0x00000000c4900000)
 Metaspace       used 12213K, capacity 12438K, committed 12800K, reserved 1060864K
  class space    used 1573K, capacity 1671K, committed 1792K, reserved 1048576K

Card table byte_map: [0x00000000119e0000,0x0000000011be0000] byte_map_base: 0x00000000113d1000

Marking Bits: (ParMarkBitMap*) 0x00000000695ca6c0
 Begin Bits: [0x0000000012130000, 0x00000000130b8000)
 End Bits:   [0x00000000130b8000, 0x0000000014040000)

Polling page: 0x00000000005e0000

CodeCache: size=245760Kb used=2286Kb max_used=2286Kb free=243473Kb
 bounds [0x0000000002620000, 0x0000000002890000, 0x0000000011620000]
 total_blobs=1075 nmethods=581 adapters=407
 compilation: enabled

Compilation events (10 events):
Event: 3.302 Thread 0x0000000014bf4000 nmethod 577 0x0000000002859cd0 code [0x0000000002859ee0, 0x000000000285a630]
Event: 3.302 Thread 0x0000000014bf4000  578       1       java.awt.image.ColorModel::getTransparency (5 bytes)
Event: 3.303 Thread 0x0000000014bf4000 nmethod 578 0x000000000285a9d0 code [0x000000000285ab20, 0x000000000285ac30]
Event: 3.303 Thread 0x0000000014bf4000  579       1       sun.java2d.SunGraphics2D::getSurfaceData (5 bytes)
Event: 3.303 Thread 0x0000000014bf4000 nmethod 579 0x000000000285ac90 code [0x000000000285ade0, 0x000000000285aef0]
Event: 3.303 Thread 0x0000000014bf4000  580       1       java.awt.RenderingHints$Key::intKey (5 bytes)
Event: 3.303 Thread 0x0000000014bf4000 nmethod 580 0x000000000285af50 code [0x000000000285b0a0, 0x000000000285b1b0]
Event: 3.303 Thread 0x0000000014bf4000  581  s    3       sun.java2d.loops.RenderCache::get (100 bytes)
Event: 3.304 Thread 0x0000000014bf4000 nmethod 581 0x000000000285b210 code [0x000000000285b3c0, 0x000000000285bd08]
Event: 3.304 Thread 0x0000000014bf4000  582       3       javax.swing.plaf.nimbus.NimbusStyle::validate (1178 bytes)

GC Heap History (2 events):
Event: 0.663 GC heap before
{Heap before GC invocations=1 (full 0):
 PSYoungGen      total 18944K, used 16384K [0x00000000eb500000, 0x00000000eca00000, 0x0000000100000000)
  eden space 16384K, 100% used [0x00000000eb500000,0x00000000ec500000,0x00000000ec500000)
  from space 2560K, 0% used [0x00000000ec780000,0x00000000ec780000,0x00000000eca00000)
  to   space 2560K, 0% used [0x00000000ec500000,0x00000000ec500000,0x00000000ec780000)
 ParOldGen       total 44032K, used 14400K [0x00000000c1e00000, 0x00000000c4900000, 0x00000000eb500000)
  object space 44032K, 32% used [0x00000000c1e00000,0x00000000c2c10010,0x00000000c4900000)
 Metaspace       used 10683K, capacity 10922K, committed 11264K, reserved 1058816K
  class space    used 1359K, capacity 1445K, committed 1536K, reserved 1048576K
Event: 0.669 GC heap after
Heap after GC invocations=1 (full 0):
 PSYoungGen      total 18944K, used 1984K [0x00000000eb500000, 0x00000000eca00000, 0x0000000100000000)
  eden space 16384K, 0% used [0x00000000eb500000,0x00000000eb500000,0x00000000ec500000)
  from space 2560K, 77% used [0x00000000ec500000,0x00000000ec6f0020,0x00000000ec780000)
  to   space 2560K, 0% used [0x00000000ec780000,0x00000000ec780000,0x00000000eca00000)
 ParOldGen       total 44032K, used 14408K [0x00000000c1e00000, 0x00000000c4900000, 0x00000000eb500000)
  object space 44032K, 32% used [0x00000000c1e00000,0x00000000c2c12010,0x00000000c4900000)
 Metaspace       used 10683K, capacity 10922K, committed 11264K, reserved 1058816K
  class space    used 1359K, capacity 1445K, committed 1536K, reserved 1048576K
}

Deoptimization events (3 events):
Event: 0.683 Thread 0x0000000016926000 Uncommon trap: reason=unstable_if action=reinterpret pc=0x0000000002800a30 method=java.util.HashMap.putVal(ILjava/lang/Object;Ljava/lang/Object;ZZ)Ljava/lang/Object; @ 206
Event: 3.287 Thread 0x000000001694b000 Uncommon trap: reason=unstable_if action=reinterpret pc=0x0000000002852e44 method=java.awt.MultipleGradientPaintContext.indexIntoGradientsArrays(F)I @ 93
Event: 3.302 Thread 0x000000001694b000 Uncommon trap: reason=unstable_if action=reinterpret pc=0x00000000028575ac method=java.awt.MultipleGradientPaintContext.indexIntoGradientsArrays(F)I @ 13

Internal exceptions (10 events):
Event: 0.395 Thread 0x0000000002521000 Exception <a 'java/lang/ClassNotFoundException': ToolBar> (0x00000000eb865960) thrown at [C:\re\workspace\8-2-build-windows-amd64-cygwin\jdk8u111\7883\hotspot\src\share\vm\classfile\systemDictionary.cpp, line 210]
Event: 0.395 Thread 0x0000000002521000 Exception <a 'java/lang/ClassNotFoundException': ToggleButton> (0x00000000eb865f10) thrown at [C:\re\workspace\8-2-build-windows-amd64-cygwin\jdk8u111\7883\hotspot\src\share\vm\classfile\systemDictionary.cpp, line 210]
Event: 0.395 Thread 0x0000000002521000 Exception <a 'java/lang/ClassNotFoundException': javax/swing/JToolBarSeparator> (0x00000000eb866370) thrown at [C:\re\workspace\8-2-build-windows-amd64-cygwin\jdk8u111\7883\hotspot\src\share\vm\classfile\systemDictionary.cpp, line 210]
Event: 0.395 Thread 0x0000000002521000 Exception <a 'java/lang/ClassNotFoundException': ToolBarSeparator> (0x00000000eb866808) thrown at [C:\re\workspace\8-2-build-windows-amd64-cygwin\jdk8u111\7883\hotspot\src\share\vm\classfile\systemDictionary.cpp, line 210]
Event: 0.395 Thread 0x0000000002521000 Exception <a 'java/lang/ClassNotFoundException': ToolTip> (0x00000000eb866f48) thrown at [C:\re\workspace\8-2-build-windows-amd64-cygwin\jdk8u111\7883\hotspot\src\share\vm\classfile\systemDictionary.cpp, line 210]
Event: 0.396 Thread 0x0000000002521000 Exception <a 'java/lang/ClassNotFoundException': Tree> (0x00000000eb867b68) thrown at [C:\re\workspace\8-2-build-windows-amd64-cygwin\jdk8u111\7883\hotspot\src\share\vm\classfile\systemDictionary.cpp, line 210]
Event: 0.396 Thread 0x0000000002521000 Exception <a 'java/lang/ClassNotFoundException': Tree> (0x00000000eb8682a8) thrown at [C:\re\workspace\8-2-build-windows-amd64-cygwin\jdk8u111\7883\hotspot\src\share\vm\classfile\systemDictionary.cpp, line 210]
Event: 0.396 Thread 0x0000000002521000 Exception <a 'java/lang/ClassNotFoundException': javax/swing/JTreeCell> (0x00000000eb868628) thrown at [C:\re\workspace\8-2-build-windows-amd64-cygwin\jdk8u111\7883\hotspot\src\share\vm\classfile\systemDictionary.cpp, line 210]
Event: 0.396 Thread 0x0000000002521000 Exception <a 'java/lang/ClassNotFoundException': TreeCell> (0x00000000eb868ab0) thrown at [C:\re\workspace\8-2-build-windows-amd64-cygwin\jdk8u111\7883\hotspot\src\share\vm\classfile\systemDictionary.cpp, line 210]
Event: 0.397 Thread 0x0000000002521000 Exception <a 'java/lang/ClassNotFoundException': RootPane> (0x00000000eb869510) thrown at [C:\re\workspace\8-2-build-windows-amd64-cygwin\jdk8u111\7883\hotspot\src\share\vm\classfile\systemDictionary.cpp, line 210]

Events (10 events):
Event: 3.287 Thread 0x000000001694b000 Uncommon trap: trap_request=0xffffff65 fr.pc=0x0000000002852e44
Event: 3.287 Thread 0x000000001694b000 DEOPT PACKING pc=0x0000000002852e44 sp=0x00000000181db8b0
Event: 3.287 Thread 0x000000001694b000 DEOPT UNPACKING pc=0x000000000266582a sp=0x00000000181db850 mode 2
Event: 3.302 Thread 0x000000001694b000 Uncommon trap: trap_request=0xffffff65 fr.pc=0x00000000028575ac
Event: 3.302 Thread 0x000000001694b000 DEOPT PACKING pc=0x00000000028575ac sp=0x00000000181db8b0
Event: 3.302 Thread 0x000000001694b000 DEOPT UNPACKING pc=0x000000000266582a sp=0x00000000181db850 mode 2
Event: 3.302 loading class java/awt/geom/Path2D$Float$TxIterator
Event: 3.303 loading class java/awt/geom/Path2D$Iterator
Event: 3.303 loading class java/awt/geom/Path2D$Iterator done
Event: 3.303 loading class java/awt/geom/Path2D$Float$TxIterator done


Dynamic libraries:
0x00007ff7bb470000 - 0x00007ff7bb4a7000 	C:\Program Files\Java\jdk1.8.0_111\bin\java.exe
0x00007ffdaa7c0000 - 0x00007ffdaa9b0000 	C:\Windows\SYSTEM32\ntdll.dll
0x00007ffda9230000 - 0x00007ffda92e2000 	C:\Windows\System32\KERNEL32.DLL
0x00007ffda7ca0000 - 0x00007ffda7f43000 	C:\Windows\System32\KERNELBASE.dll
0x00007ffda89a0000 - 0x00007ffda8a43000 	C:\Windows\System32\ADVAPI32.dll
0x00007ffda8ca0000 - 0x00007ffda8d3e000 	C:\Windows\System32\msvcrt.dll
0x00007ffda88f0000 - 0x00007ffda8987000 	C:\Windows\System32\sechost.dll
0x00007ffda9af0000 - 0x00007ffda9c10000 	C:\Windows\System32\RPCRT4.dll
0x00007ffda8b00000 - 0x00007ffda8c94000 	C:\Windows\System32\USER32.dll
0x00007ffda77e0000 - 0x00007ffda7801000 	C:\Windows\System32\win32u.dll
0x00007ffda9c80000 - 0x00007ffda9ca6000 	C:\Windows\System32\GDI32.dll
0x00007ffda7910000 - 0x00007ffda7aa4000 	C:\Windows\System32\gdi32full.dll
0x00007ffda7ab0000 - 0x00007ffda7b4e000 	C:\Windows\System32\msvcp_win.dll
0x00007ffda7810000 - 0x00007ffda790a000 	C:\Windows\System32\ucrtbase.dll
0x00007ffd904f0000 - 0x00007ffd90775000 	C:\Windows\WinSxS\amd64_microsoft.windows.common-controls_6595b64144ccf1df_6.0.18362.592_none_e6c0b1911312be02\COMCTL32.dll
0x00007ffda8ef0000 - 0x00007ffda9226000 	C:\Windows\System32\combase.dll
0x00007ffda87f0000 - 0x00007ffda8870000 	C:\Windows\System32\bcryptPrimitives.dll
0x00007ffda9500000 - 0x00007ffda952e000 	C:\Windows\System32\IMM32.DLL
0x0000000068cd0000 - 0x0000000068da2000 	C:\Program Files\Java\jdk1.8.0_111\jre\bin\msvcr100.dll
0x0000000068db0000 - 0x000000006964a000 	C:\Program Files\Java\jdk1.8.0_111\jre\bin\server\jvm.dll
0x00007ffda8990000 - 0x00007ffda8998000 	C:\Windows\System32\PSAPI.DLL
0x00007ffda1bf0000 - 0x00007ffda1bf9000 	C:\Windows\SYSTEM32\WSOCK32.dll
0x00007ffda5120000 - 0x00007ffda5144000 	C:\Windows\SYSTEM32\WINMM.dll
0x00007ffda9460000 - 0x00007ffda94cf000 	C:\Windows\System32\WS2_32.dll
0x00007ffda1ae0000 - 0x00007ffda1aea000 	C:\Windows\SYSTEM32\VERSION.dll
0x00007ffda4ee0000 - 0x00007ffda4f0d000 	C:\Windows\SYSTEM32\winmmbase.dll
0x00007ffda8780000 - 0x00007ffda87ca000 	C:\Windows\System32\cfgmgr32.dll
0x0000000068c80000 - 0x0000000068c8f000 	C:\Program Files\Java\jdk1.8.0_111\jre\bin\verify.dll
0x0000000068c50000 - 0x0000000068c79000 	C:\Program Files\Java\jdk1.8.0_111\jre\bin\java.dll
0x0000000068c30000 - 0x0000000068c46000 	C:\Program Files\Java\jdk1.8.0_111\jre\bin\zip.dll
0x00007ffda9f50000 - 0x00007ffdaa635000 	C:\Windows\System32\SHELL32.dll
0x00007ffda92f0000 - 0x00007ffda9399000 	C:\Windows\System32\shcore.dll
0x00007ffda7f50000 - 0x00007ffda86cf000 	C:\Windows\System32\windows.storage.dll
0x00007ffda76c0000 - 0x00007ffda76df000 	C:\Windows\System32\profapi.dll
0x00007ffda7700000 - 0x00007ffda774a000 	C:\Windows\System32\powrprof.dll
0x00007ffda7690000 - 0x00007ffda76a0000 	C:\Windows\System32\UMPDC.dll
0x00007ffda9400000 - 0x00007ffda9452000 	C:\Windows\System32\shlwapi.dll
0x00007ffda76a0000 - 0x00007ffda76b1000 	C:\Windows\System32\kernel.appcore.dll
0x00007ffda87d0000 - 0x00007ffda87e7000 	C:\Windows\System32\cryptsp.dll
0x0000000068a50000 - 0x0000000068be8000 	C:\Program Files\Java\jdk1.8.0_111\jre\bin\awt.dll
0x00007ffda9a20000 - 0x00007ffda9ae4000 	C:\Windows\System32\OLEAUT32.dll
0x00007ffda5090000 - 0x00007ffda511f000 	C:\Windows\SYSTEM32\apphelp.dll
0x00007ffda5750000 - 0x00007ffda57e9000 	C:\Windows\system32\uxtheme.dll
0x00007ffdaa640000 - 0x00007ffdaa775000 	C:\Windows\System32\MSCTF.dll
0x00007ffda9d90000 - 0x00007ffda9ee6000 	C:\Windows\System32\ole32.dll
0x00007ffda5c70000 - 0x00007ffda5c9d000 	C:\Windows\system32\DWMAPI.DLL
0x0000000068a00000 - 0x0000000068a47000 	C:\Program Files\Java\jdk1.8.0_111\jre\bin\fontmanager.dll
0x0000000068930000 - 0x0000000068961000 	C:\Program Files\Java\jdk1.8.0_111\jre\bin\jpeg.dll
0x00007ffda8a50000 - 0x00007ffda8af2000 	C:\Windows\System32\clbcatq.dll
0x00007ffda0040000 - 0x00007ffda01ef000 	C:\Windows\SYSTEM32\WindowsCodecs.dll
0x00007ffd7dcd0000 - 0x00007ffd7dd0a000 	C:\Windows\system32\dataexchange.dll
0x00007ffda4730000 - 0x00007ffda490b000 	C:\Windows\system32\dcomp.dll
0x00007ffda3f50000 - 0x00007ffda41ab000 	C:\Windows\system32\d3d11.dll
0x00007ffda6390000 - 0x00007ffda647b000 	C:\Windows\system32\dxgi.dll
0x00007ffda6300000 - 0x00007ffda6320000 	C:\Windows\SYSTEM32\dxcore.dll
0x00007ffda54d0000 - 0x00007ffda572a000 	C:\Windows\system32\twinapi.appcore.dll
0x00007ffda5b80000 - 0x00007ffda5ba9000 	C:\Windows\system32\RMCLIENT.dll
0x0000000068c10000 - 0x0000000068c2a000 	C:\Program Files\Java\jdk1.8.0_111\jre\bin\net.dll
0x00007ffda6ea0000 - 0x00007ffda6f07000 	C:\Windows\system32\mswsock.dll
0x0000000068bf0000 - 0x0000000068c01000 	C:\Program Files\Java\jdk1.8.0_111\jre\bin\nio.dll
0x00000000689b0000 - 0x00000000689f2000 	C:\Program Files\Java\jdk1.8.0_111\jre\bin\t2k.dll
0x00007ffd9b580000 - 0x00007ffd9b61e000 	C:\Windows\System32\TextInputFramework.dll
0x00007ffda0b40000 - 0x00007ffda0e6a000 	C:\Windows\System32\CoreUIComponents.dll
0x00007ffda4c80000 - 0x00007ffda4d54000 	C:\Windows\System32\CoreMessaging.dll
0x00007ffda66f0000 - 0x00007ffda6721000 	C:\Windows\SYSTEM32\ntmarta.dll
0x00007ffda2b00000 - 0x00007ffda2c53000 	C:\Windows\SYSTEM32\wintypes.dll
0x00007ffd969e0000 - 0x00007ffd96c86000 	C:\Windows\System32\iertutil.dll
0x0000000068970000 - 0x000000006899a000 	C:\Program Files\Java\jdk1.8.0_111\jre\bin\dcpr.dll

VM Arguments:
jvm_args: -Dfile.encoding=UTF-8 
java_command: cab.Tour
java_class_path (initial): C:\Program Files\NetBeans 8.2\ide\modules\ext\mysql-connector-java-5.1.23-bin.jar;C:\Users\aman admin\Desktop\my Project\build\classes
Launcher Type: SUN_STANDARD

Environment Variables:
JAVA_HOME=C:\Program Files\Java\jdk-11.0.2
PATH=C:\ProgramData\Oracle\Java\javapath;C:\Windows\system32;C:\Windows;C:\Windows\System32\Wbem;C:\Windows\System32\WindowsPowerShell\v1.0\;C:\Windows\System32\OpenSSH\;C:\Program Files\Java\jdk-11.0.2\bin;C:\Program Files\Java\jdk-11.0.2\bin;C:\Users\aman admin\AppData\Local\Microsoft\WindowsApps;
USERNAME=aman admin
OS=Windows_NT
PROCESSOR_IDENTIFIER=Intel64 Family 6 Model 142 Stepping 9, GenuineIntel



---------------  S Y S T E M  ---------------

OS: Windows 10.0 , 64 bit Build 18362 (10.0.18362.329)

CPU:total 4 (2 cores per cpu, 2 threads per core) family 6 model 142 stepping 9, cmov, cx8, fxsr, mmx, sse, sse2, sse3, ssse3, sse4.1, sse4.2, popcnt, avx, avx2, aes, clmul, erms, 3dnowpref, lzcnt, ht, tsc, tscinvbit, bmi1, bmi2, adx

Memory: 4k page, physical 4069856k(327476k free), swap 16652768k(1784k free)

vm_info: Java HotSpot(TM) 64-Bit Server VM (25.111-b14) for windows-amd64 JRE (1.8.0_111-b14), built on Sep 22 2016 19:24:05 by "java_re" with MS VC++ 10.0 (VS2010)

time: Tue Feb 04 21:03:53 2020
elapsed time: 3 seconds (0d 0h 0m 3s)

